2023.01.09 18:00:53 INFO  tracing is disabled for protocol LSP, to enable tracing of incoming and outgoing JSON messages create an empty file at c:\Users\Jacob\OneDrive - West Point\AY23-2\projects\projects\Holdem\.metals\lsp.trace.json or C:\Users\Jacob\AppData\Local\scalameta\metals\cache\lsp.trace.json
Jan 09, 2023 6:00:53 PM org.eclipse.lsp4j.jsonrpc.RemoteEndpoint fallbackResponseError
SEVERE: Internal error: java.lang.IllegalArgumentException: Illegal character in path at index 31: file:///c:/Users/Jacob/OneDrive - West Point/AY23-2/projects/projects/Holdem
java.util.concurrent.CompletionException: java.lang.IllegalArgumentException: Illegal character in path at index 31: file:///c:/Users/Jacob/OneDrive - West Point/AY23-2/projects/projects/Holdem
	at java.util.concurrent.CompletableFuture.encodeThrowable(Unknown Source)
	at java.util.concurrent.CompletableFuture.completeThrowable(Unknown Source)
	at java.util.concurrent.CompletableFuture.uniAccept(Unknown Source)
	at java.util.concurrent.CompletableFuture$UniAccept.tryFire(Unknown Source)
	at java.util.concurrent.CompletableFuture.postComplete(Unknown Source)
	at java.util.concurrent.CompletableFuture.completeExceptionally(Unknown Source)
	at scala.concurrent.java8.FuturesConvertersImpl$CF.apply(FutureConvertersImpl.scala:29)
	at scala.concurrent.java8.FuturesConvertersImpl$CF.apply(FutureConvertersImpl.scala:26)
	at scala.concurrent.impl.Promise$Transformation.run(Promise.scala:484)
	at scala.concurrent.ExecutionContext$parasitic$.execute(ExecutionContext.scala:222)
	at scala.concurrent.impl.Promise$Transformation.submitWithValue(Promise.scala:429)
	at scala.concurrent.impl.Promise$DefaultPromise.submitWithValue(Promise.scala:338)
	at scala.concurrent.impl.Promise$DefaultPromise.tryComplete0(Promise.scala:285)
	at scala.concurrent.impl.Promise$Transformation.run(Promise.scala:504)
	at java.util.concurrent.ThreadPoolExecutor.runWorker(Unknown Source)
	at java.util.concurrent.ThreadPoolExecutor$Worker.run(Unknown Source)
	at java.lang.Thread.run(Unknown Source)
Caused by: java.lang.IllegalArgumentException: Illegal character in path at index 31: file:///c:/Users/Jacob/OneDrive - West Point/AY23-2/projects/projects/Holdem
	at java.net.URI.create(Unknown Source)
	at scala.meta.internal.mtags.MtagsEnrichments$XtensionStringMtags.toAbsolutePath(MtagsEnrichments.scala:158)
	at scala.meta.internal.metals.MetalsEnrichments$XtensionString.toAbsolutePath(MetalsEnrichments.scala:609)
	at scala.meta.internal.metals.MetalsEnrichments$XtensionString.toAbsolutePath(MetalsEnrichments.scala:606)
	at scala.meta.internal.metals.MetalsLanguageServer.updateWorkspaceDirectory(MetalsLanguageServer.scala:365)
	at scala.meta.internal.metals.MetalsLanguageServer.$anonfun$initialize$2(MetalsLanguageServer.scala:879)
	at scala.concurrent.Future$.$anonfun$apply$1(Future.scala:678)
	at scala.concurrent.impl.Promise$Transformation.run(Promise.scala:467)
	... 3 more
Caused by: java.net.URISyntaxException: Illegal character in path at index 31: file:///c:/Users/Jacob/OneDrive - West Point/AY23-2/projects/projects/Holdem
	at java.net.URI$Parser.fail(Unknown Source)
	at java.net.URI$Parser.checkChars(Unknown Source)
	at java.net.URI$Parser.parseHierarchical(Unknown Source)
	at java.net.URI$Parser.parse(Unknown Source)
	at java.net.URI.<init>(Unknown Source)
	... 11 more

2023.01.09 18:00:56 INFO  tracing is disabled for protocol LSP, to enable tracing of incoming and outgoing JSON messages create an empty file at c:\Users\Jacob\OneDrive - West Point\AY23-2\projects\projects\Holdem\.metals\lsp.trace.json or C:\Users\Jacob\AppData\Local\scalameta\metals\cache\lsp.trace.json
Jan 09, 2023 6:00:57 PM org.eclipse.lsp4j.jsonrpc.RemoteEndpoint fallbackResponseError
SEVERE: Internal error: java.lang.IllegalArgumentException: Illegal character in path at index 31: file:///c:/Users/Jacob/OneDrive - West Point/AY23-2/projects/projects/Holdem
java.util.concurrent.CompletionException: java.lang.IllegalArgumentException: Illegal character in path at index 31: file:///c:/Users/Jacob/OneDrive - West Point/AY23-2/projects/projects/Holdem
	at java.util.concurrent.CompletableFuture.encodeThrowable(Unknown Source)
	at java.util.concurrent.CompletableFuture.completeThrowable(Unknown Source)
	at java.util.concurrent.CompletableFuture.uniAccept(Unknown Source)
	at java.util.concurrent.CompletableFuture$UniAccept.tryFire(Unknown Source)
	at java.util.concurrent.CompletableFuture.postComplete(Unknown Source)
	at java.util.concurrent.CompletableFuture.completeExceptionally(Unknown Source)
	at scala.concurrent.java8.FuturesConvertersImpl$CF.apply(FutureConvertersImpl.scala:29)
	at scala.concurrent.java8.FuturesConvertersImpl$CF.apply(FutureConvertersImpl.scala:26)
	at scala.concurrent.impl.Promise$Transformation.run(Promise.scala:484)
	at scala.concurrent.ExecutionContext$parasitic$.execute(ExecutionContext.scala:222)
	at scala.concurrent.impl.Promise$Transformation.submitWithValue(Promise.scala:429)
	at scala.concurrent.impl.Promise$DefaultPromise.submitWithValue(Promise.scala:338)
	at scala.concurrent.impl.Promise$DefaultPromise.tryComplete0(Promise.scala:285)
	at scala.concurrent.impl.Promise$Transformation.run(Promise.scala:504)
	at java.util.concurrent.ThreadPoolExecutor.runWorker(Unknown Source)
	at java.util.concurrent.ThreadPoolExecutor$Worker.run(Unknown Source)
	at java.lang.Thread.run(Unknown Source)
Caused by: java.lang.IllegalArgumentException: Illegal character in path at index 31: file:///c:/Users/Jacob/OneDrive - West Point/AY23-2/projects/projects/Holdem
	at java.net.URI.create(Unknown Source)
	at scala.meta.internal.mtags.MtagsEnrichments$XtensionStringMtags.toAbsolutePath(MtagsEnrichments.scala:158)
	at scala.meta.internal.metals.MetalsEnrichments$XtensionString.toAbsolutePath(MetalsEnrichments.scala:609)
	at scala.meta.internal.metals.MetalsEnrichments$XtensionString.toAbsolutePath(MetalsEnrichments.scala:606)
	at scala.meta.internal.metals.MetalsLanguageServer.updateWorkspaceDirectory(MetalsLanguageServer.scala:365)
	at scala.meta.internal.metals.MetalsLanguageServer.$anonfun$initialize$2(MetalsLanguageServer.scala:879)
	at scala.concurrent.Future$.$anonfun$apply$1(Future.scala:678)
	at scala.concurrent.impl.Promise$Transformation.run(Promise.scala:467)
	... 3 more
Caused by: java.net.URISyntaxException: Illegal character in path at index 31: file:///c:/Users/Jacob/OneDrive - West Point/AY23-2/projects/projects/Holdem
	at java.net.URI$Parser.fail(Unknown Source)
	at java.net.URI$Parser.checkChars(Unknown Source)
	at java.net.URI$Parser.parseHierarchical(Unknown Source)
	at java.net.URI$Parser.parse(Unknown Source)
	at java.net.URI.<init>(Unknown Source)
	... 11 more

2023.01.09 18:01:00 INFO  tracing is disabled for protocol LSP, to enable tracing of incoming and outgoing JSON messages create an empty file at c:\Users\Jacob\OneDrive - West Point\AY23-2\projects\projects\Holdem\.metals\lsp.trace.json or C:\Users\Jacob\AppData\Local\scalameta\metals\cache\lsp.trace.json
Jan 09, 2023 6:01:00 PM org.eclipse.lsp4j.jsonrpc.RemoteEndpoint fallbackResponseError
SEVERE: Internal error: java.lang.IllegalArgumentException: Illegal character in path at index 31: file:///c:/Users/Jacob/OneDrive - West Point/AY23-2/projects/projects/Holdem
java.util.concurrent.CompletionException: java.lang.IllegalArgumentException: Illegal character in path at index 31: file:///c:/Users/Jacob/OneDrive - West Point/AY23-2/projects/projects/Holdem
	at java.util.concurrent.CompletableFuture.encodeThrowable(Unknown Source)
	at java.util.concurrent.CompletableFuture.completeThrowable(Unknown Source)
	at java.util.concurrent.CompletableFuture.uniAccept(Unknown Source)
	at java.util.concurrent.CompletableFuture$UniAccept.tryFire(Unknown Source)
	at java.util.concurrent.CompletableFuture.postComplete(Unknown Source)
	at java.util.concurrent.CompletableFuture.completeExceptionally(Unknown Source)
	at scala.concurrent.java8.FuturesConvertersImpl$CF.apply(FutureConvertersImpl.scala:29)
	at scala.concurrent.java8.FuturesConvertersImpl$CF.apply(FutureConvertersImpl.scala:26)
	at scala.concurrent.impl.Promise$Transformation.run(Promise.scala:484)
	at scala.concurrent.ExecutionContext$parasitic$.execute(ExecutionContext.scala:222)
	at scala.concurrent.impl.Promise$Transformation.submitWithValue(Promise.scala:429)
	at scala.concurrent.impl.Promise$DefaultPromise.submitWithValue(Promise.scala:338)
	at scala.concurrent.impl.Promise$DefaultPromise.tryComplete0(Promise.scala:285)
	at scala.concurrent.impl.Promise$Transformation.run(Promise.scala:504)
	at java.util.concurrent.ThreadPoolExecutor.runWorker(Unknown Source)
	at java.util.concurrent.ThreadPoolExecutor$Worker.run(Unknown Source)
	at java.lang.Thread.run(Unknown Source)
Caused by: java.lang.IllegalArgumentException: Illegal character in path at index 31: file:///c:/Users/Jacob/OneDrive - West Point/AY23-2/projects/projects/Holdem
	at java.net.URI.create(Unknown Source)
	at scala.meta.internal.mtags.MtagsEnrichments$XtensionStringMtags.toAbsolutePath(MtagsEnrichments.scala:158)
	at scala.meta.internal.metals.MetalsEnrichments$XtensionString.toAbsolutePath(MetalsEnrichments.scala:609)
	at scala.meta.internal.metals.MetalsEnrichments$XtensionString.toAbsolutePath(MetalsEnrichments.scala:606)
	at scala.meta.internal.metals.MetalsLanguageServer.updateWorkspaceDirectory(MetalsLanguageServer.scala:365)
	at scala.meta.internal.metals.MetalsLanguageServer.$anonfun$initialize$2(MetalsLanguageServer.scala:879)
	at scala.concurrent.Future$.$anonfun$apply$1(Future.scala:678)
	at scala.concurrent.impl.Promise$Transformation.run(Promise.scala:467)
	... 3 more
Caused by: java.net.URISyntaxException: Illegal character in path at index 31: file:///c:/Users/Jacob/OneDrive - West Point/AY23-2/projects/projects/Holdem
	at java.net.URI$Parser.fail(Unknown Source)
	at java.net.URI$Parser.checkChars(Unknown Source)
	at java.net.URI$Parser.parseHierarchical(Unknown Source)
	at java.net.URI$Parser.parse(Unknown Source)
	at java.net.URI.<init>(Unknown Source)
	... 11 more

2023.01.09 18:01:03 INFO  tracing is disabled for protocol LSP, to enable tracing of incoming and outgoing JSON messages create an empty file at c:\Users\Jacob\OneDrive - West Point\AY23-2\projects\projects\Holdem\.metals\lsp.trace.json or C:\Users\Jacob\AppData\Local\scalameta\metals\cache\lsp.trace.json
Jan 09, 2023 6:01:03 PM org.eclipse.lsp4j.jsonrpc.RemoteEndpoint fallbackResponseError
SEVERE: Internal error: java.lang.IllegalArgumentException: Illegal character in path at index 31: file:///c:/Users/Jacob/OneDrive - West Point/AY23-2/projects/projects/Holdem
java.util.concurrent.CompletionException: java.lang.IllegalArgumentException: Illegal character in path at index 31: file:///c:/Users/Jacob/OneDrive - West Point/AY23-2/projects/projects/Holdem
	at java.util.concurrent.CompletableFuture.encodeThrowable(Unknown Source)
	at java.util.concurrent.CompletableFuture.completeThrowable(Unknown Source)
	at java.util.concurrent.CompletableFuture.uniAccept(Unknown Source)
	at java.util.concurrent.CompletableFuture$UniAccept.tryFire(Unknown Source)
	at java.util.concurrent.CompletableFuture.postComplete(Unknown Source)
	at java.util.concurrent.CompletableFuture.completeExceptionally(Unknown Source)
	at scala.concurrent.java8.FuturesConvertersImpl$CF.apply(FutureConvertersImpl.scala:29)
	at scala.concurrent.java8.FuturesConvertersImpl$CF.apply(FutureConvertersImpl.scala:26)
	at scala.concurrent.impl.Promise$Transformation.run(Promise.scala:484)
	at scala.concurrent.ExecutionContext$parasitic$.execute(ExecutionContext.scala:222)
	at scala.concurrent.impl.Promise$Transformation.submitWithValue(Promise.scala:429)
	at scala.concurrent.impl.Promise$DefaultPromise.submitWithValue(Promise.scala:338)
	at scala.concurrent.impl.Promise$DefaultPromise.tryComplete0(Promise.scala:285)
	at scala.concurrent.impl.Promise$Transformation.run(Promise.scala:504)
	at java.util.concurrent.ThreadPoolExecutor.runWorker(Unknown Source)
	at java.util.concurrent.ThreadPoolExecutor$Worker.run(Unknown Source)
	at java.lang.Thread.run(Unknown Source)
Caused by: java.lang.IllegalArgumentException: Illegal character in path at index 31: file:///c:/Users/Jacob/OneDrive - West Point/AY23-2/projects/projects/Holdem
	at java.net.URI.create(Unknown Source)
	at scala.meta.internal.mtags.MtagsEnrichments$XtensionStringMtags.toAbsolutePath(MtagsEnrichments.scala:158)
	at scala.meta.internal.metals.MetalsEnrichments$XtensionString.toAbsolutePath(MetalsEnrichments.scala:609)
	at scala.meta.internal.metals.MetalsEnrichments$XtensionString.toAbsolutePath(MetalsEnrichments.scala:606)
	at scala.meta.internal.metals.MetalsLanguageServer.updateWorkspaceDirectory(MetalsLanguageServer.scala:365)
	at scala.meta.internal.metals.MetalsLanguageServer.$anonfun$initialize$2(MetalsLanguageServer.scala:879)
	at scala.concurrent.Future$.$anonfun$apply$1(Future.scala:678)
	at scala.concurrent.impl.Promise$Transformation.run(Promise.scala:467)
	... 3 more
Caused by: java.net.URISyntaxException: Illegal character in path at index 31: file:///c:/Users/Jacob/OneDrive - West Point/AY23-2/projects/projects/Holdem
	at java.net.URI$Parser.fail(Unknown Source)
	at java.net.URI$Parser.checkChars(Unknown Source)
	at java.net.URI$Parser.parseHierarchical(Unknown Source)
	at java.net.URI$Parser.parse(Unknown Source)
	at java.net.URI.<init>(Unknown Source)
	... 11 more

2023.01.09 18:01:06 INFO  tracing is disabled for protocol LSP, to enable tracing of incoming and outgoing JSON messages create an empty file at c:\Users\Jacob\OneDrive - West Point\AY23-2\projects\projects\Holdem\.metals\lsp.trace.json or C:\Users\Jacob\AppData\Local\scalameta\metals\cache\lsp.trace.json
Jan 09, 2023 6:01:07 PM org.eclipse.lsp4j.jsonrpc.RemoteEndpoint fallbackResponseError
SEVERE: Internal error: java.lang.IllegalArgumentException: Illegal character in path at index 31: file:///c:/Users/Jacob/OneDrive - West Point/AY23-2/projects/projects/Holdem
java.util.concurrent.CompletionException: java.lang.IllegalArgumentException: Illegal character in path at index 31: file:///c:/Users/Jacob/OneDrive - West Point/AY23-2/projects/projects/Holdem
	at java.util.concurrent.CompletableFuture.encodeThrowable(Unknown Source)
	at java.util.concurrent.CompletableFuture.completeThrowable(Unknown Source)
	at java.util.concurrent.CompletableFuture.uniAccept(Unknown Source)
	at java.util.concurrent.CompletableFuture$UniAccept.tryFire(Unknown Source)
	at java.util.concurrent.CompletableFuture.postComplete(Unknown Source)
	at java.util.concurrent.CompletableFuture.completeExceptionally(Unknown Source)
	at scala.concurrent.java8.FuturesConvertersImpl$CF.apply(FutureConvertersImpl.scala:29)
	at scala.concurrent.java8.FuturesConvertersImpl$CF.apply(FutureConvertersImpl.scala:26)
	at scala.concurrent.impl.Promise$Transformation.run(Promise.scala:484)
	at scala.concurrent.ExecutionContext$parasitic$.execute(ExecutionContext.scala:222)
	at scala.concurrent.impl.Promise$Transformation.submitWithValue(Promise.scala:429)
	at scala.concurrent.impl.Promise$DefaultPromise.submitWithValue(Promise.scala:338)
	at scala.concurrent.impl.Promise$DefaultPromise.tryComplete0(Promise.scala:285)
	at scala.concurrent.impl.Promise$Transformation.run(Promise.scala:504)
	at java.util.concurrent.ThreadPoolExecutor.runWorker(Unknown Source)
	at java.util.concurrent.ThreadPoolExecutor$Worker.run(Unknown Source)
	at java.lang.Thread.run(Unknown Source)
Caused by: java.lang.IllegalArgumentException: Illegal character in path at index 31: file:///c:/Users/Jacob/OneDrive - West Point/AY23-2/projects/projects/Holdem
	at java.net.URI.create(Unknown Source)
	at scala.meta.internal.mtags.MtagsEnrichments$XtensionStringMtags.toAbsolutePath(MtagsEnrichments.scala:158)
	at scala.meta.internal.metals.MetalsEnrichments$XtensionString.toAbsolutePath(MetalsEnrichments.scala:609)
	at scala.meta.internal.metals.MetalsEnrichments$XtensionString.toAbsolutePath(MetalsEnrichments.scala:606)
	at scala.meta.internal.metals.MetalsLanguageServer.updateWorkspaceDirectory(MetalsLanguageServer.scala:365)
	at scala.meta.internal.metals.MetalsLanguageServer.$anonfun$initialize$2(MetalsLanguageServer.scala:879)
	at scala.concurrent.Future$.$anonfun$apply$1(Future.scala:678)
	at scala.concurrent.impl.Promise$Transformation.run(Promise.scala:467)
	... 3 more
Caused by: java.net.URISyntaxException: Illegal character in path at index 31: file:///c:/Users/Jacob/OneDrive - West Point/AY23-2/projects/projects/Holdem
	at java.net.URI$Parser.fail(Unknown Source)
	at java.net.URI$Parser.checkChars(Unknown Source)
	at java.net.URI$Parser.parseHierarchical(Unknown Source)
	at java.net.URI$Parser.parse(Unknown Source)
	at java.net.URI.<init>(Unknown Source)
	... 11 more

